<?xml version="1.0" encoding="UTF-8"?>
<testng-results ignored="0" total="1" passed="1" failed="0" skipped="0">
  <reporter-output>
  </reporter-output>
  <suite started-at="2026-03-09T00:23:56 IST" name="Default suite" finished-at="2026-03-09T00:24:02 IST" duration-ms="6975">
    <groups>
    </groups>
    <test started-at="2026-03-09T00:23:56 IST" name="Default test" finished-at="2026-03-09T00:24:02 IST" duration-ms="6975">
      <class name="testscript.ManageNewsTest">
        <test-method is-config="true" signature="browserInitialization()[pri:0, instance:testscript.ManageNewsTest@409bf450]" started-at="2026-03-09T00:23:56 IST" name="browserInitialization" finished-at="2026-03-09T00:23:59 IST" duration-ms="3155" status="PASS">
          <reporter-output>
          </reporter-output>
        </test-method> <!-- browserInitialization -->
        <test-method signature="clickMoreInfoButton()[pri:0, instance:testscript.ManageNewsTest@409bf450]" started-at="2026-03-09T00:23:59 IST" name="clickMoreInfoButton" finished-at="2026-03-09T00:24:02 IST" duration-ms="3727" status="PASS">
          <reporter-output>
          </reporter-output>
        </test-method> <!-- clickMoreInfoButton -->
      </class> <!-- testscript.ManageNewsTest -->
    </test> <!-- Default test -->
  </suite> <!-- Default suite -->
</testng-results>
