<?xml version="1.0" encoding="UTF-8"?>
<testng-results ignored="0" total="1" passed="1" failed="0" skipped="0">
  <reporter-output>
  </reporter-output>
  <suite started-at="2026-03-14T23:37:57 IST" name="Default suite" finished-at="2026-03-14T23:38:03 IST" duration-ms="6267">
    <groups>
    </groups>
    <test started-at="2026-03-14T23:37:57 IST" name="Default test" finished-at="2026-03-14T23:38:03 IST" duration-ms="6267">
      <class name="testscript.ManageCategoryTest">
        <test-method is-config="true" signature="browserInitialization()[pri:0, instance:testscript.ManageCategoryTest@409bf450]" started-at="2026-03-14T23:37:57 IST" name="browserInitialization" finished-at="2026-03-14T23:37:59 IST" duration-ms="2654" status="PASS">
          <reporter-output>
          </reporter-output>
        </test-method> <!-- browserInitialization -->
        <test-method signature="verifyAddCategory()[pri:0, instance:testscript.ManageCategoryTest@409bf450]" started-at="2026-03-14T23:37:59 IST" name="verifyAddCategory" finished-at="2026-03-14T23:38:03 IST" duration-ms="3545" status="PASS">
          <reporter-output>
          </reporter-output>
        </test-method> <!-- verifyAddCategory -->
      </class> <!-- testscript.ManageCategoryTest -->
    </test> <!-- Default test -->
  </suite> <!-- Default suite -->
</testng-results>
